<?xml version="1.0" encoding="UTF-8"?>
<!-- Generated by org.testng.reporters.JUnitReportReporter -->
<testsuite hostname="DESKTOP-FMGK6UV" name="scenarios.TestMailRu" tests="3" failures="0" timestamp="6 Nov 2016 22:45:21 GMT" time="7.531" errors="0">
  <testcase name="checkMail" time="0.655" classname="scenarios.TestMailRu"/>
  <testcase name="openMail" time="6.652" classname="scenarios.TestMailRu"/>
  <testcase name="testValidLogin" time="0.224" classname="scenarios.TestMailRu"/>
</testsuite> <!-- scenarios.TestMailRu -->
