<?xml version="1.0" encoding="UTF-8"?>
<!-- Generated by org.testng.reporters.JUnitReportReporter -->
<testsuite hostname="DESKTOP-V3EH8OP" name="scenarios.TestMailRu" tests="3" failures="0" timestamp="7 Nov 2016 08:56:18 GMT" time="5.234" errors="0">
  <testcase name="openMail" time="3.331" classname="scenarios.TestMailRu"/>
  <testcase name="checkMail" time="0.562" classname="scenarios.TestMailRu"/>
  <testcase name="testValidLogin" time="1.341" classname="scenarios.TestMailRu"/>
</testsuite> <!-- scenarios.TestMailRu -->
