<?xml version="1.0" encoding="UTF-8"?>
<!-- Generated by org.testng.reporters.JUnitReportReporter -->
<testsuite hostname="DESKTOP-V3EH8OP" name="ru.crystals.TestMailRu" tests="1" failures="0" timestamp="7 Nov 2016 14:34:38 GMT" time="3.515" errors="0">
  <testcase name="testCheckMail" time="3.515" classname="ru.crystals.TestMailRu"/>
</testsuite> <!-- ru.crystals.TestMailRu -->
